2021-09-24 15:49:43,164 - instabot version: 0.117.0 (bot) - INFO - Instabot version: 0.117.0 Started
2021-09-24 15:49:43,164 - instabot version: 0.117.0 (bot) - DEBUG - Bot imported from C:\Users\dmistry\.virtualenvs\InstaBot_InstaBot-njh6QyZR\lib\site-packages\instabot\bot\bot.py
2021-09-24 15:49:43,165 - instabot version: 0.117.0 (api_login) - INFO - Not yet logged in starting: PRE-LOGIN FLOW!
2021-09-24 15:49:43,454 - instabot version: 0.117.0 (api) - DEBUG - POST to endpoint: accounts/get_prefill_candidates/ returned response: <Response [200]>
2021-09-24 15:49:43,732 - instabot version: 0.117.0 (api) - DEBUG - POST to endpoint: qe/sync/ returned response: <Response [200]>
2021-09-24 15:49:44,029 - instabot version: 0.117.0 (api) - DEBUG - POST to endpoint: launcher/sync/ returned response: <Response [200]>
2021-09-24 15:49:44,294 - instabot version: 0.117.0 (api) - DEBUG - POST to endpoint: accounts/contact_point_prefill/ returned response: <Response [200]>
2021-09-24 15:49:45,601 - instabot version: 0.117.0 (api) - DEBUG - POST to endpoint: accounts/login/ returned response: <Response [200]>
2021-09-24 15:49:45,602 - instabot version: 0.117.0 (api) - INFO - Logged-in successfully as 'lowercaseindia'!
2021-09-24 15:49:45,602 - instabot version: 0.117.0 (api_login) - INFO - LOGIN FLOW! Just logged-in: True
2021-09-24 15:49:45,875 - instabot version: 0.117.0 (api) - DEBUG - POST to endpoint: qe/sync/ returned response: <Response [200]>
2021-09-24 15:49:46,147 - instabot version: 0.117.0 (api) - DEBUG - POST to endpoint: launcher/sync/ returned response: <Response [200]>
2021-09-24 15:49:46,403 - instabot version: 0.117.0 (api) - DEBUG - GET to endpoint: zr/token/result/?device_id=android-9bbd6a10f5b7f928&token_hash=&custom_device_id=android-9bbd6a10f5b7f928&fetch_reason=token_expired returned response: <Response [200]>
2021-09-24 15:49:46,656 - instabot version: 0.117.0 (api) - DEBUG - GET to endpoint: multiple_accounts/get_account_family/ returned response: <Response [200]>
2021-09-24 15:49:46,914 - instabot version: 0.117.0 (api) - DEBUG - POST to endpoint: qe/sync/ returned response: <Response [200]>
2021-09-24 15:49:47,374 - instabot version: 0.117.0 (api) - DEBUG - GET to endpoint: igtv/browse_feed/?prefetch=1 returned response: <Response [200]>
2021-09-24 15:49:47,624 - instabot version: 0.117.0 (api) - DEBUG - POST to endpoint: creatives/ar_class/ returned response: <Response [200]>
2021-09-24 15:49:48,101 - instabot version: 0.117.0 (api) - DEBUG - POST to endpoint: feed/reels_tray/ returned response: <Response [200]>
2021-09-24 15:49:49,958 - instabot version: 0.117.0 (api) - DEBUG - POST to endpoint: feed/timeline/ returned response: <Response [200]>
2021-09-24 15:49:50,217 - instabot version: 0.117.0 (api) - DEBUG - GET to endpoint: media/blocked/ returned response: <Response [200]>
2021-09-24 15:49:50,859 - instabot version: 0.117.0 (api) - DEBUG - GET to endpoint: news/inbox/ returned response: <Response [200]>
2021-09-24 15:49:51,150 - instabot version: 0.117.0 (api) - DEBUG - GET to endpoint: loom/fetch_config/ returned response: <Response [200]>
2021-09-24 15:49:51,504 - instabot version: 0.117.0 (api) - DEBUG - GET to endpoint: scores/bootstrap/users/?surfaces=["autocomplete_user_list","coefficient_besties_list_ranking","coefficient_rank_recipient_user_suggestion","coefficient_ios_section_test_bootstrap_ranking","coefficient_direct_recipients_ranking_variant_2"] returned response: <Response [200]>
2021-09-24 15:49:51,783 - instabot version: 0.117.0 (api) - DEBUG - GET to endpoint: business/eligibility/get_monetization_products_eligibility_data/?product_types=branded_content returned response: <Response [200]>
2021-09-24 15:49:52,066 - instabot version: 0.117.0 (api) - DEBUG - GET to endpoint: business/branded_content/should_require_professional_account/ returned response: <Response [200]>
2021-09-24 15:49:52,323 - instabot version: 0.117.0 (api) - DEBUG - GET to endpoint: linked_accounts/get_linkage_status/ returned response: <Response [200]>
2021-09-24 15:49:52,577 - instabot version: 0.117.0 (api) - DEBUG - GET to endpoint: locations/request_country/ returned response: <Response [200]>
2021-09-24 15:49:52,829 - instabot version: 0.117.0 (api) - DEBUG - GET to endpoint: qp/get_cooldowns/?signed_body=signed_body=4b9c516a5410a3bc128e09c6104a7f042146b9c2023870560c63a43a7f66781c.4&ig_sig_key_version=4&ig_sig_key_version=4 returned response: <Response [200]>
2021-09-24 15:49:53,117 - instabot version: 0.117.0 (api) - DEBUG - GET to endpoint: users/arlink_download_info/?version_override=2.2.1 returned response: <Response [200]>
2021-09-24 15:49:53,520 - instabot version: 0.117.0 (api) - DEBUG - GET to endpoint: users/48351730472/info/ returned response: <Response [200]>
2021-09-24 15:49:53,829 - instabot version: 0.117.0 (api) - DEBUG - GET to endpoint: direct_v2/get_presence/ returned response: <Response [200]>
2021-09-24 15:49:54,146 - instabot version: 0.117.0 (api) - DEBUG - GET to endpoint: direct_v2/inbox/?visual_message_return_type=unseen&thread_message_limit=10&persistentBadging=true&limit=20 returned response: <Response [200]>
2021-09-24 15:49:54,442 - instabot version: 0.117.0 (api) - DEBUG - GET to endpoint: direct_v2/inbox/?visual_message_return_type=unseen&persistentBadging=true&limit=0 returned response: <Response [200]>
2021-09-24 15:49:54,758 - instabot version: 0.117.0 (api) - DEBUG - GET to endpoint: discover/topical_explore/?is_prefetch=true&omit_cover_media=true&use_sectional_payload=true&timezone_offset=0&session_id=48ad1ba9-4fdf-4979-bace-a857bdb7ee55&include_fixed_destinations=true returned response: <Response [200]>
2021-09-24 15:49:55,024 - instabot version: 0.117.0 (api) - DEBUG - POST to endpoint: notifications/badge/ returned response: <Response [200]>
2021-09-24 15:49:55,353 - instabot version: 0.117.0 (api) - DEBUG - POST to endpoint: qp/batch_fetch/ returned response: <Response [200]>
2021-09-24 15:49:55,354 - instabot version: 0.117.0 (bot_checkpoint) - DEBUG - Loading Checkpoint file from: C:\Users\dmistry\Desktop\Django Projects\InstaBot_InstaBot/config/lowercaseindia.checkpoint
2021-09-24 15:49:55,677 - instabot version: 0.117.0 (api) - DEBUG - GET to endpoint: users/deepak.exec/usernameinfo/ returned response: <Response [200]>
2021-09-24 15:49:57,583 - instabot version: 0.117.0 (api) - DEBUG - GET to endpoint: users/1782397024/info/ returned response: <Response [200]>
2021-09-24 15:49:58,270 - instabot version: 0.117.0 (api) - DEBUG - GET to endpoint: friendships/1782397024/followers/?rank_token=48351730472_ae065ee6-23b7-4fac-a75e-7ce36ce63adb returned response: <Response [200]>
2021-09-24 15:49:59,865 - instabot version: 0.117.0 (api) - DEBUG - GET to endpoint: friendships/1782397024/followers/?rank_token=48351730472_ae065ee6-23b7-4fac-a75e-7ce36ce63adb&max_id=100 returned response: <Response [200]>
2021-09-24 15:50:00,398 - instabot version: 0.117.0 (api) - DEBUG - GET to endpoint: friendships/1782397024/followers/?rank_token=48351730472_ae065ee6-23b7-4fac-a75e-7ce36ce63adb&max_id=200 returned response: <Response [200]>
2021-09-24 15:50:01,033 - instabot version: 0.117.0 (api) - DEBUG - GET to endpoint: friendships/1782397024/followers/?rank_token=48351730472_ae065ee6-23b7-4fac-a75e-7ce36ce63adb&max_id=300 returned response: <Response [200]>
2021-09-24 15:50:01,624 - instabot version: 0.117.0 (api) - DEBUG - GET to endpoint: friendships/1782397024/followers/?rank_token=48351730472_ae065ee6-23b7-4fac-a75e-7ce36ce63adb&max_id=400 returned response: <Response [200]>
2021-09-24 15:50:02,044 - instabot version: 0.117.0 (api) - DEBUG - GET to endpoint: users/3437973392/info/ returned response: <Response [200]>
2021-09-24 15:50:02,906 - instabot version: 0.117.0 (api) - DEBUG - GET to endpoint: users/7373809641/info/ returned response: <Response [200]>
2021-09-24 15:50:03,354 - instabot version: 0.117.0 (api) - DEBUG - GET to endpoint: users/4864879263/info/ returned response: <Response [200]>
2021-09-24 15:50:05,219 - instabot version: 0.117.0 (api) - DEBUG - GET to endpoint: users/3051421394/info/ returned response: <Response [200]>
2021-09-24 15:50:05,848 - instabot version: 0.117.0 (api) - DEBUG - GET to endpoint: users/8504849465/info/ returned response: <Response [200]>
2021-09-24 15:50:06,275 - instabot version: 0.117.0 (api) - DEBUG - GET to endpoint: users/2351049697/info/ returned response: <Response [200]>
2021-09-24 15:50:06,837 - instabot version: 0.117.0 (api) - DEBUG - GET to endpoint: users/45281096489/info/ returned response: <Response [200]>
2021-09-24 15:50:07,481 - instabot version: 0.117.0 (api) - DEBUG - GET to endpoint: users/2605308263/info/ returned response: <Response [200]>
2021-09-24 15:50:08,168 - instabot version: 0.117.0 (api) - DEBUG - GET to endpoint: users/2330083471/info/ returned response: <Response [200]>
2021-09-24 15:50:08,788 - instabot version: 0.117.0 (api) - DEBUG - GET to endpoint: users/8118789723/info/ returned response: <Response [200]>
2021-09-24 15:50:09,320 - instabot version: 0.117.0 (api) - DEBUG - GET to endpoint: users/4366345136/info/ returned response: <Response [200]>
2021-09-24 15:50:09,812 - instabot version: 0.117.0 (api) - DEBUG - GET to endpoint: users/3047774403/info/ returned response: <Response [200]>
2021-09-24 15:50:10,766 - instabot version: 0.117.0 (api) - DEBUG - GET to endpoint: users/1967882999/info/ returned response: <Response [200]>
2021-09-24 15:50:11,223 - instabot version: 0.117.0 (api) - DEBUG - GET to endpoint: users/7394816357/info/ returned response: <Response [200]>
2021-09-24 15:50:11,635 - instabot version: 0.117.0 (api) - DEBUG - GET to endpoint: users/6789849590/info/ returned response: <Response [200]>
2021-09-24 15:50:12,268 - instabot version: 0.117.0 (api) - DEBUG - GET to endpoint: users/8121382819/info/ returned response: <Response [200]>
2021-09-24 15:50:12,721 - instabot version: 0.117.0 (api) - DEBUG - GET to endpoint: users/4018885670/info/ returned response: <Response [200]>
2021-09-24 15:50:13,477 - instabot version: 0.117.0 (api) - DEBUG - GET to endpoint: users/4344755901/info/ returned response: <Response [200]>
2021-09-24 15:50:13,901 - instabot version: 0.117.0 (api) - DEBUG - GET to endpoint: users/7635665197/info/ returned response: <Response [200]>
2021-09-24 15:50:14,890 - instabot version: 0.117.0 (api) - DEBUG - GET to endpoint: users/2266823529/info/ returned response: <Response [200]>
2021-09-24 15:50:15,603 - instabot version: 0.117.0 (api) - DEBUG - GET to endpoint: users/1431264499/info/ returned response: <Response [200]>
2021-09-24 15:50:16,428 - instabot version: 0.117.0 (api) - DEBUG - GET to endpoint: users/7076193817/info/ returned response: <Response [200]>
2021-09-24 15:50:17,021 - instabot version: 0.117.0 (api) - DEBUG - GET to endpoint: users/6631616406/info/ returned response: <Response [200]>
2021-09-24 15:50:17,779 - instabot version: 0.117.0 (api) - DEBUG - GET to endpoint: users/2885413102/info/ returned response: <Response [200]>
2021-09-24 15:50:18,413 - instabot version: 0.117.0 (api) - DEBUG - GET to endpoint: users/47092470013/info/ returned response: <Response [200]>
2021-09-24 15:50:19,120 - instabot version: 0.117.0 (api) - DEBUG - GET to endpoint: users/1931932401/info/ returned response: <Response [200]>
2021-09-24 15:50:19,529 - instabot version: 0.117.0 (api) - DEBUG - GET to endpoint: users/4157868329/info/ returned response: <Response [200]>
2021-09-24 15:50:20,180 - instabot version: 0.117.0 (api) - DEBUG - GET to endpoint: users/7427299033/info/ returned response: <Response [200]>
2021-09-24 15:50:20,786 - instabot version: 0.117.0 (api) - DEBUG - GET to endpoint: users/3746131656/info/ returned response: <Response [200]>
2021-09-24 15:50:21,979 - instabot version: 0.117.0 (api) - DEBUG - GET to endpoint: users/1136353538/info/ returned response: <Response [200]>
2021-09-24 15:50:23,123 - instabot version: 0.117.0 (api) - DEBUG - GET to endpoint: users/29569663051/info/ returned response: <Response [200]>
2021-09-24 15:50:23,643 - instabot version: 0.117.0 (api) - DEBUG - GET to endpoint: users/2271128049/info/ returned response: <Response [200]>
2021-09-24 15:50:24,027 - instabot version: 0.117.0 (api) - DEBUG - GET to endpoint: users/4547400043/info/ returned response: <Response [200]>
2021-09-24 15:50:24,560 - instabot version: 0.117.0 (api) - DEBUG - GET to endpoint: users/3530324759/info/ returned response: <Response [200]>
2021-09-24 15:50:27,136 - instabot version: 0.117.0 (api) - DEBUG - GET to endpoint: users/3283639641/info/ returned response: <Response [200]>
2021-09-24 15:50:27,895 - instabot version: 0.117.0 (api) - DEBUG - GET to endpoint: users/43086481102/info/ returned response: <Response [200]>
2021-09-24 15:50:28,337 - instabot version: 0.117.0 (api) - DEBUG - GET to endpoint: users/4678210961/info/ returned response: <Response [200]>
2021-09-24 15:50:28,826 - instabot version: 0.117.0 (api) - DEBUG - GET to endpoint: users/7636177180/info/ returned response: <Response [200]>
2021-09-24 15:50:29,445 - instabot version: 0.117.0 (api) - DEBUG - GET to endpoint: users/44591168806/info/ returned response: <Response [200]>
2021-09-24 15:50:30,027 - instabot version: 0.117.0 (api) - DEBUG - GET to endpoint: users/5337687007/info/ returned response: <Response [200]>
2021-09-24 15:50:30,475 - instabot version: 0.117.0 (api) - DEBUG - GET to endpoint: users/4790714963/info/ returned response: <Response [200]>
2021-09-24 15:50:30,858 - instabot version: 0.117.0 (api) - DEBUG - GET to endpoint: users/2223932092/info/ returned response: <Response [200]>
2021-09-24 15:50:31,272 - instabot version: 0.117.0 (api) - DEBUG - GET to endpoint: users/4482725578/info/ returned response: <Response [200]>
2021-09-24 15:50:32,383 - instabot version: 0.117.0 (api) - DEBUG - GET to endpoint: users/5794813991/info/ returned response: <Response [200]>
2021-09-24 15:50:33,015 - instabot version: 0.117.0 (api) - DEBUG - GET to endpoint: users/9989280883/info/ returned response: <Response [200]>
2021-09-24 15:50:33,865 - instabot version: 0.117.0 (api) - DEBUG - GET to endpoint: users/6723726991/info/ returned response: <Response [200]>
2021-09-24 15:50:34,284 - instabot version: 0.117.0 (api) - DEBUG - GET to endpoint: users/5740076842/info/ returned response: <Response [200]>
2021-09-24 15:50:35,128 - instabot version: 0.117.0 (api) - DEBUG - GET to endpoint: users/6638373825/info/ returned response: <Response [200]>
2021-09-24 15:50:35,842 - instabot version: 0.117.0 (api) - DEBUG - GET to endpoint: users/1741771703/info/ returned response: <Response [200]>
2021-09-24 15:50:36,245 - instabot version: 0.117.0 (api) - DEBUG - GET to endpoint: users/1989755925/info/ returned response: <Response [200]>
2021-09-24 15:50:36,638 - instabot version: 0.117.0 (api) - DEBUG - GET to endpoint: users/4178043065/info/ returned response: <Response [200]>
2021-09-24 15:50:37,311 - instabot version: 0.117.0 (api) - DEBUG - GET to endpoint: users/4630556340/info/ returned response: <Response [200]>
2021-09-24 15:50:37,724 - instabot version: 0.117.0 (api) - DEBUG - GET to endpoint: users/7110966127/info/ returned response: <Response [200]>
2021-09-24 15:50:38,135 - instabot version: 0.117.0 (api) - DEBUG - GET to endpoint: users/4925898071/info/ returned response: <Response [200]>
2021-09-24 15:50:38,536 - instabot version: 0.117.0 (api) - DEBUG - GET to endpoint: users/4315080037/info/ returned response: <Response [200]>
2021-09-24 15:50:39,455 - instabot version: 0.117.0 (api) - DEBUG - GET to endpoint: users/21287401289/info/ returned response: <Response [200]>
2021-09-24 15:50:40,079 - instabot version: 0.117.0 (api) - DEBUG - GET to endpoint: users/4569737499/info/ returned response: <Response [200]>
2021-09-24 15:50:40,820 - instabot version: 0.117.0 (api) - DEBUG - GET to endpoint: users/3882075701/info/ returned response: <Response [200]>
2021-09-24 15:50:41,469 - instabot version: 0.117.0 (api) - DEBUG - GET to endpoint: users/3599969371/info/ returned response: <Response [200]>
2021-09-24 15:50:42,222 - instabot version: 0.117.0 (api) - DEBUG - GET to endpoint: users/45083471390/info/ returned response: <Response [200]>
2021-09-24 15:50:42,650 - instabot version: 0.117.0 (api) - DEBUG - GET to endpoint: users/3574588262/info/ returned response: <Response [200]>
2021-09-24 15:50:43,296 - instabot version: 0.117.0 (api) - DEBUG - GET to endpoint: users/1661353759/info/ returned response: <Response [200]>
2021-09-24 15:50:43,721 - instabot version: 0.117.0 (api) - DEBUG - GET to endpoint: users/6298735609/info/ returned response: <Response [200]>
2021-09-24 15:50:44,156 - instabot version: 0.117.0 (api) - DEBUG - GET to endpoint: users/34655643143/info/ returned response: <Response [200]>
2021-09-24 15:50:44,751 - instabot version: 0.117.0 (api) - DEBUG - GET to endpoint: users/13320926673/info/ returned response: <Response [200]>
2021-09-24 15:50:45,426 - instabot version: 0.117.0 (api) - DEBUG - GET to endpoint: users/9004380691/info/ returned response: <Response [200]>
2021-09-24 15:50:46,246 - instabot version: 0.117.0 (api) - DEBUG - GET to endpoint: users/2077855022/info/ returned response: <Response [200]>
2021-09-24 15:50:46,837 - instabot version: 0.117.0 (api) - DEBUG - GET to endpoint: users/10133017358/info/ returned response: <Response [200]>
2021-09-24 15:50:47,530 - instabot version: 0.117.0 (api) - DEBUG - GET to endpoint: users/8068212846/info/ returned response: <Response [200]>
2021-09-24 15:50:48,191 - instabot version: 0.117.0 (api) - DEBUG - GET to endpoint: users/22755065183/info/ returned response: <Response [200]>
2021-09-24 15:50:51,757 - instabot version: 0.117.0 (api) - DEBUG - GET to endpoint: users/31105885909/info/ returned response: <Response [200]>
2021-09-24 15:50:52,232 - instabot version: 0.117.0 (api) - DEBUG - GET to endpoint: users/2205108394/info/ returned response: <Response [200]>
2021-09-24 15:50:52,643 - instabot version: 0.117.0 (api) - DEBUG - GET to endpoint: users/5892346106/info/ returned response: <Response [200]>
2021-09-24 15:50:53,060 - instabot version: 0.117.0 (api) - DEBUG - GET to endpoint: users/44125054039/info/ returned response: <Response [200]>
2021-09-24 15:50:54,126 - instabot version: 0.117.0 (api) - DEBUG - GET to endpoint: users/1796255820/info/ returned response: <Response [200]>
2021-09-24 15:50:54,737 - instabot version: 0.117.0 (api) - DEBUG - GET to endpoint: users/4863993906/info/ returned response: <Response [200]>
2021-09-24 15:50:55,399 - instabot version: 0.117.0 (api) - DEBUG - GET to endpoint: users/2273302500/info/ returned response: <Response [200]>
2021-09-24 15:50:56,096 - instabot version: 0.117.0 (api) - DEBUG - GET to endpoint: users/8320114480/info/ returned response: <Response [200]>
2021-09-24 15:50:56,722 - instabot version: 0.117.0 (api) - DEBUG - GET to endpoint: users/4293489922/info/ returned response: <Response [200]>
2021-09-24 15:50:57,319 - instabot version: 0.117.0 (api) - DEBUG - GET to endpoint: users/32546593108/info/ returned response: <Response [200]>
2021-09-24 15:50:57,921 - instabot version: 0.117.0 (api) - DEBUG - GET to endpoint: users/15784633241/info/ returned response: <Response [200]>
2021-09-24 15:50:58,400 - instabot version: 0.117.0 (api) - DEBUG - GET to endpoint: users/3571283641/info/ returned response: <Response [200]>
2021-09-24 15:50:59,097 - instabot version: 0.117.0 (api) - DEBUG - GET to endpoint: users/1719114697/info/ returned response: <Response [200]>
2021-09-24 15:50:59,665 - instabot version: 0.117.0 (api) - DEBUG - GET to endpoint: users/33370286196/info/ returned response: <Response [200]>
2021-09-24 15:51:00,329 - instabot version: 0.117.0 (api) - DEBUG - GET to endpoint: users/2267485685/info/ returned response: <Response [200]>
2021-09-24 15:51:00,919 - instabot version: 0.117.0 (api) - DEBUG - GET to endpoint: users/8305608421/info/ returned response: <Response [200]>
2021-09-24 15:51:01,998 - instabot version: 0.117.0 (api) - DEBUG - GET to endpoint: users/8696337877/info/ returned response: <Response [200]>
2021-09-24 15:51:02,376 - instabot version: 0.117.0 (api) - DEBUG - GET to endpoint: users/6170377974/info/ returned response: <Response [200]>
2021-09-24 15:51:02,985 - instabot version: 0.117.0 (api) - DEBUG - GET to endpoint: users/4043604758/info/ returned response: <Response [200]>
2021-09-24 15:51:03,890 - instabot version: 0.117.0 (api) - DEBUG - GET to endpoint: users/2370368417/info/ returned response: <Response [200]>
2021-09-24 15:51:04,315 - instabot version: 0.117.0 (api) - DEBUG - GET to endpoint: users/47156566630/info/ returned response: <Response [200]>
2021-09-24 15:51:04,958 - instabot version: 0.117.0 (api) - DEBUG - GET to endpoint: users/6122823433/info/ returned response: <Response [200]>
2021-09-24 15:51:05,596 - instabot version: 0.117.0 (api) - DEBUG - GET to endpoint: users/5696439585/info/ returned response: <Response [200]>
2021-09-24 15:51:06,261 - instabot version: 0.117.0 (api) - DEBUG - GET to endpoint: users/12572790524/info/ returned response: <Response [200]>
2021-09-24 15:51:07,280 - instabot version: 0.117.0 (api) - DEBUG - GET to endpoint: users/5375239706/info/ returned response: <Response [200]>
2021-09-24 15:51:07,902 - instabot version: 0.117.0 (api) - DEBUG - GET to endpoint: users/9415780404/info/ returned response: <Response [200]>
2021-09-24 15:51:08,955 - instabot version: 0.117.0 (api) - DEBUG - GET to endpoint: users/8091298815/info/ returned response: <Response [200]>
2021-09-24 15:51:09,623 - instabot version: 0.117.0 (api) - DEBUG - GET to endpoint: users/35621909285/info/ returned response: <Response [200]>
2021-09-24 15:51:10,521 - instabot version: 0.117.0 (api) - DEBUG - GET to endpoint: users/4636199545/info/ returned response: <Response [200]>
2021-09-24 15:51:11,509 - instabot version: 0.117.0 (api) - DEBUG - GET to endpoint: users/4683155245/info/ returned response: <Response [200]>
2021-09-24 15:51:11,937 - instabot version: 0.117.0 (api) - DEBUG - GET to endpoint: users/6241977507/info/ returned response: <Response [200]>
2021-09-24 15:51:12,339 - instabot version: 0.117.0 (api) - DEBUG - GET to endpoint: users/3735310376/info/ returned response: <Response [200]>
2021-09-24 15:51:12,790 - instabot version: 0.117.0 (api) - DEBUG - GET to endpoint: users/227703755/info/ returned response: <Response [200]>
2021-09-24 15:51:13,451 - instabot version: 0.117.0 (api) - DEBUG - GET to endpoint: users/2313880724/info/ returned response: <Response [200]>
2021-09-24 15:51:14,040 - instabot version: 0.117.0 (api) - DEBUG - GET to endpoint: users/2983924151/info/ returned response: <Response [200]>
2021-09-24 15:51:14,767 - instabot version: 0.117.0 (api) - DEBUG - GET to endpoint: users/5501120410/info/ returned response: <Response [200]>
2021-09-24 15:51:15,633 - instabot version: 0.117.0 (api) - DEBUG - GET to endpoint: users/3219278872/info/ returned response: <Response [200]>
2021-09-24 15:51:16,323 - instabot version: 0.117.0 (api) - DEBUG - GET to endpoint: users/11628767764/info/ returned response: <Response [200]>
2021-09-24 15:51:17,222 - instabot version: 0.117.0 (api) - DEBUG - GET to endpoint: users/28588296964/info/ returned response: <Response [200]>
2021-09-24 15:51:17,915 - instabot version: 0.117.0 (api) - DEBUG - GET to endpoint: users/33007084737/info/ returned response: <Response [200]>
2021-09-24 15:51:19,151 - instabot version: 0.117.0 (api) - DEBUG - GET to endpoint: users/5966105339/info/ returned response: <Response [200]>
2021-09-24 15:51:20,487 - instabot version: 0.117.0 (api) - DEBUG - GET to endpoint: users/39367487309/info/ returned response: <Response [200]>
2021-09-24 15:51:21,136 - instabot version: 0.117.0 (api) - DEBUG - GET to endpoint: users/5873784369/info/ returned response: <Response [200]>
2021-09-24 15:51:22,065 - instabot version: 0.117.0 (api) - DEBUG - GET to endpoint: users/45225334309/info/ returned response: <Response [200]>
2021-09-24 15:51:22,977 - instabot version: 0.117.0 (api) - DEBUG - GET to endpoint: users/2204418430/info/ returned response: <Response [200]>
2021-09-24 15:51:23,698 - instabot version: 0.117.0 (api) - DEBUG - GET to endpoint: users/12129093747/info/ returned response: <Response [200]>
2021-09-24 15:51:24,547 - instabot version: 0.117.0 (api) - DEBUG - GET to endpoint: users/27252777664/info/ returned response: <Response [200]>
2021-09-24 15:51:25,536 - instabot version: 0.117.0 (api) - DEBUG - GET to endpoint: users/45073436289/info/ returned response: <Response [200]>
2021-09-24 15:51:26,214 - instabot version: 0.117.0 (api) - DEBUG - GET to endpoint: users/33486091323/info/ returned response: <Response [200]>
2021-09-24 15:51:26,579 - instabot version: 0.117.0 (api) - DEBUG - GET to endpoint: users/47649287929/info/ returned response: <Response [200]>
2021-09-24 15:51:27,148 - instabot version: 0.117.0 (api) - DEBUG - GET to endpoint: users/2865567236/info/ returned response: <Response [200]>
2021-09-24 15:51:27,567 - instabot version: 0.117.0 (api) - DEBUG - GET to endpoint: users/47536541377/info/ returned response: <Response [200]>
2021-09-24 15:51:28,008 - instabot version: 0.117.0 (api) - DEBUG - GET to endpoint: users/3041475666/info/ returned response: <Response [200]>
2021-09-24 15:51:28,388 - instabot version: 0.117.0 (api) - DEBUG - GET to endpoint: users/5720756153/info/ returned response: <Response [200]>
2021-09-24 15:51:28,858 - instabot version: 0.117.0 (api) - DEBUG - GET to endpoint: users/3255445435/info/ returned response: <Response [200]>
2021-09-24 15:51:29,511 - instabot version: 0.117.0 (api) - DEBUG - GET to endpoint: users/36672566186/info/ returned response: <Response [200]>
2021-09-24 15:51:30,077 - instabot version: 0.117.0 (api) - DEBUG - GET to endpoint: users/12659375301/info/ returned response: <Response [200]>
2021-09-24 15:51:30,531 - instabot version: 0.117.0 (api) - DEBUG - GET to endpoint: users/44828469504/info/ returned response: <Response [200]>
2021-09-24 15:51:30,944 - instabot version: 0.117.0 (api) - DEBUG - GET to endpoint: users/1159609493/info/ returned response: <Response [200]>
2021-09-24 15:51:31,925 - instabot version: 0.117.0 (bot_checkpoint) - DEBUG - Saving Checkpoint file to: C:\Users\dmistry\Desktop\Django Projects\InstaBot_InstaBot/config/lowercaseindia.checkpoint
2021-09-24 15:51:31,925 - instabot version: 0.117.0 (bot) - INFO - Total requests: 170
